<?xml version="1.0" encoding="UTF-8"?>
<testng-results skipped="0" failed="0" ignored="0" total="2" passed="2">
  <reporter-output>
  </reporter-output>
  <suite name="Suite" duration-ms="291635" started-at="2019-04-02T05:54:30Z" finished-at="2019-04-02T05:59:22Z">
    <groups>
    </groups>
    <test name="Test" duration-ms="291635" started-at="2019-04-02T05:54:30Z" finished-at="2019-04-02T05:59:22Z">
      <class name="sampleProjectMaven.Login">
        <test-method status="PASS" signature="run()[pri:0, instance:sampleProjectMaven.Login@29774679]" name="run" duration-ms="31668" started-at="2019-04-02T05:58:50Z" finished-at="2019-04-02T05:59:22Z">
          <reporter-output>
          </reporter-output>
        </test-method> <!-- run -->
      </class> <!-- sampleProjectMaven.Login -->
      <class name="sampleProjectMaven.LoginTestCase">
        <test-method status="PASS" signature="browsersetup()[pri:0, instance:sampleProjectMaven.LoginTestCase@61832929]" name="browsersetup" is-config="true" duration-ms="2777" started-at="2019-04-02T05:54:30Z" finished-at="2019-04-02T05:54:33Z">
          <reporter-output>
          </reporter-output>
        </test-method> <!-- browsersetup -->
        <test-method status="PASS" signature="launchApp()[pri:0, instance:sampleProjectMaven.LoginTestCase@61832929]" name="launchApp" duration-ms="257131" started-at="2019-04-02T05:54:33Z" finished-at="2019-04-02T05:58:50Z">
          <reporter-output>
          </reporter-output>
        </test-method> <!-- launchApp -->
      </class> <!-- sampleProjectMaven.LoginTestCase -->
    </test> <!-- Test -->
  </suite> <!-- Suite -->
</testng-results>
